0 verbose cli C:\Program Files\nodejs\node.exe C:\Users\Omeiza\AppData\Roaming\npm\node_modules\npm\bin\npm-cli.js
1 info using npm@11.4.2
2 info using node@v20.19.4
3 silly config load:file:C:\Users\Omeiza\AppData\Roaming\npm\node_modules\npm\npmrc
4 silly config load:file:D:\web\radius-server\.npmrc
5 silly config load:file:C:\Users\Omeiza\.npmrc
6 silly config load:file:C:\Users\Omeiza\AppData\Roaming\npm\etc\npmrc
7 verbose title npm run build
8 verbose argv "run" "build"
9 verbose logfile logs-max:10 dir:d:\web\authnet-desktop\.npm-cache\_logs\2025-08-05T16_59_37_371Z-
10 verbose logfile d:\web\authnet-desktop\.npm-cache\_logs\2025-08-05T16_59_37_371Z-debug-0.log
11 silly logfile start cleaning logs, removing 2 files
12 silly logfile error removing log file d:\web\authnet-desktop\.npm-cache\_logs\2025-08-05T15_46_45_786Z-debug-0.log [Error: EPERM: operation not permitted, lstat 'd:\web\authnet-desktop\.npm-cache\_logs\2025-08-05T15_46_45_786Z-debug-0.log'] {
12 silly logfile   errno: -4048,
12 silly logfile   code: 'EPERM',
12 silly logfile   syscall: 'lstat',
12 silly logfile   path: 'd:\\web\\authnet-desktop\\.npm-cache\\_logs\\2025-08-05T15_46_45_786Z-debug-0.log'
12 silly logfile }
13 silly logfile done cleaning log files
14 verbose cwd D:\web\radius-server
15 verbose os Windows_NT 10.0.22631
16 verbose node v20.19.4
17 verbose npm  v11.4.2
18 verbose exit 0
19 info ok
